
> jes-bim-chatbot@0.1.0 build
> next build

Γû▓ Next.js 16.2.3 (Turbopack)

  Creating an optimized production build ...
node.exe : 
At line:1 char:1
+ & "C:\Program 
Files\nodejs/node.exe" 
"C:\Program 
Files\nodejs/node_mo 
...
+ ~~~~~~~~~~~~~~~~~~~~~
~~~~~~~~~~~~~~~~~~~~~~~
~~~~~~~~~~~~~~~~~~~~~~~
~~
    + CategoryInfo     
         : NotSpecifi  
  ed: (:String) [],    
 RemoteException
    + FullyQualifiedEr 
   rorId : NativeComm  
  andError
 
> Build error occurred
Error: Turbopack build 
failed with 3 errors:
./src/app/layout.tsx:4:
1
Module not found: 
Can't resolve 
'./Providers'
  [90m2 |[0m 
[36mimport[0m { 
[33mGeist[0m, 
[33mGeist_Mono[0m } 
[36mfrom[0m [32m"nex
t/font/google"[0m;
  [90m3 |[0m 
[36mimport[0m [32m".
/globals.css"[0m;
[31m[1m>[0m [90m4 
|[0m [36mimport[0m 
{ [33mProviders[0m } 
[36mfrom[0m 
[32m"./Providers"[0m;
  [90m  |[0m [31m[1
m^^^^^^^^^^^^^^^^^^^^^^
^^^^^^^^^^^^^^^^^^[0m
  [90m5 |[0m
  [90m6 |[0m 
[36mconst[0m 
geistSans = 
[33mGeist[0m({
  [90m7 |[0m   
variable: [32m"--font-
geist-sans"[0m,



https://nextjs.org/docs
/messages/module-not-fo
und


./src/app/page.tsx:3:1
Module not found: 
Can't resolve '@/contex
ts/AuthContext'
  [90m1 |[0m 
[32m"use client"[0m;
  [90m2 |[0m
[31m[1m>[0m [90m3 
|[0m [36mimport[0m 
{ useAuth } 
[36mfrom[0m [32m"@/c
ontexts/AuthContext"[0
m;
  [90m  |[0m [31m[1
m^^^^^^^^^^^^^^^^^^^^^^
^^^^^^^^^^^^^^^^^^^^^^^
^^^^[0m
  [90m4 |[0m 
[36mimport[0m { 
useRouter } 
[36mfrom[0m [32m"nex
t/navigation"[0m;
  [90m5 |[0m 
[36mimport[0m { 
useEffect } 
[36mfrom[0m 
[32m"react"[0m;
  [90m6 |[0m 
[36mimport[0m { 
[33mLogOut[0m } 
[36mfrom[0m [32m"luc
ide-react"[0m;

Import map: aliased to 
relative './src/context
s/AuthContext' inside 
of [project]/


Import traces:
  Client Component 
Browser:
    ./src/app/page.tsx 
[Client Component 
Browser]
    ./src/app/page.tsx 
[Server Component]

  Client Component SSR:
    ./src/app/page.tsx 
[Client Component SSR]
    ./src/app/page.tsx 
[Server Component]

https://nextjs.org/docs
/messages/module-not-fo
und


./src/components/ChatIn
terface.tsx:5:1
Module not found: 
Can't resolve '@/contex
ts/AuthContext'
  [90m3 |[0m 
[36mimport[0m { 
useState, useRef, 
useEffect } 
[36mfrom[0m 
[32m"react"[0m;
  [90m4 |[0m 
[36mimport[0m { 
[33mSend[0m, 
[33mBot[0m, 
[33mUser[0m 
[36mas[0m 
[33mUserIcon[0m } 
[36mfrom[0m [32m"luc
ide-react"[0m;
[31m[1m>[0m [90m5 
|[0m [36mimport[0m 
{ useAuth } 
[36mfrom[0m [32m"@/c
ontexts/AuthContext"[0
m;
  [90m  |[0m [31m[1
m^^^^^^^^^^^^^^^^^^^^^^
^^^^^^^^^^^^^^^^^^^^^^^
^^^^[0m
  [90m6 |[0m
  [90m7 |[0m 
[36mexport[0m 
[36mfunction[0m [33m
ChatInterface[0m() {
  [90m8 |[0m   
[36mconst[0m 
[messages, 
setMessages] = 
useState<{role: 
[32m"user"[0m | 
[32m"ai"[0m, 
content: string}[]>([

Import map: aliased to 
relative './src/context
s/AuthContext' inside 
of [project]/


Import traces:
  Client Component 
Browser:
    ./src/components/Ch
atInterface.tsx 
[Client Component 
Browser]
    ./src/app/page.tsx 
[Client Component 
Browser]
    ./src/app/page.tsx 
[Server Component]

  Client Component SSR:
    ./src/components/Ch
atInterface.tsx 
[Client Component SSR]
    ./src/app/page.tsx 
[Client Component SSR]
    ./src/app/page.tsx 
[Server Component]

https://nextjs.org/docs
/messages/module-not-fo
und


    at <unknown> (./src
/app/layout.tsx:4:1)
    at <unknown> (https
://nextjs.org/docs/mess
ages/module-not-found)
    at <unknown> (./src
/app/page.tsx:3:1)
    at <unknown> (https
://nextjs.org/docs/mess
ages/module-not-found)
    at <unknown> (./src
/components/ChatInterfa
ce.tsx:5:1)
    at <unknown> (https
://nextjs.org/docs/mess
ages/module-not-found)
